{"E:/important/advanced-vue-firebase/src/components/MiniProductView.vue": {"path":"E:/important/advanced-vue-firebase/src/components/MiniProductView.vue","statementMap":{"0":{"start":{"line":29,"column":15},"end":{"line":29,"column":null}},"1":{"start":{"line":31,"column":14},"end":{"line":31,"column":null}},"2":{"start":{"line":40,"column":29},"end":{"line":44,"column":null}},"3":{"start":{"line":41,"column":2},"end":{"line":41,"column":null}},"4":{"start":{"line":42,"column":28},"end":{"line":42,"column":null}},"5":{"start":{"line":43,"column":2},"end":{"line":43,"column":null}},"6":{"start":{"line":46,"column":20},"end":{"line":48,"column":null}},"7":{"start":{"line":47,"column":2},"end":{"line":47,"column":null}},"8":{"start":{"line":2,"column":10},"end":{"line":2,"column":null}},"9":{"start":{"line":1,"column":0},"end":{"line":1,"column":null}},"10":{"start":{"line":6,"column":7},"end":{"line":6,"column":null}},"11":{"start":{"line":7,"column":8},"end":{"line":7,"column":33}},"12":{"start":{"line":8,"column":9},"end":{"line":8,"column":null}},"13":{"start":{"line":16,"column":9},"end":{"line":16,"column":22}},"14":{"start":{"line":3,"column":15},"end":{"line":3,"column":40}}},"fnMap":{"0":{"name":"(anonymous_1)","decl":{"start":{"line":40,"column":29},"end":{"line":40,"column":33}},"loc":{"start":{"line":40,"column":33},"end":{"line":44,"column":null}}},"1":{"name":"(anonymous_2)","decl":{"start":{"line":46,"column":29},"end":{"line":46,"column":35}},"loc":{"start":{"line":46,"column":35},"end":{"line":48,"column":1}}},"2":{"name":"(anonymous_4)","decl":{"start":{"line":3,"column":13},"end":{"line":3,"column":15}},"loc":{"start":{"line":3,"column":15},"end":{"line":3,"column":40}}}},"branchMap":{"0":{"loc":{"start":{"line":3,"column":13},"end":{"line":3,"column":40}},"type":"binary-expr","locations":[{"start":{"line":3,"column":13},"end":{"line":3,"column":15}},{"start":{"line":3,"column":13},"end":{"line":3,"column":40}}]},"1":{"loc":{"start":{"line":4,"column":17},"end":{"line":1,"column":null}},"type":"cond-expr","locations":[{"start":{"line":4,"column":26},"end":{"line":1,"column":null}},{"start":{"line":1,"column":0},"end":{"line":1,"column":null}}]},"2":{"loc":{"start":{"line":9,"column":14},"end":{"line":1,"column":null}},"type":"cond-expr","locations":[{"start":{"line":9,"column":50},"end":{"line":9,"column":97}},{"start":{"line":1,"column":0},"end":{"line":1,"column":null}}]},"3":{"loc":{"start":{"line":9,"column":14},"end":{"line":9,"column":58}},"type":"binary-expr","locations":[{"start":{"line":9,"column":14},"end":{"line":9,"column":34}},{"start":{"line":9,"column":34},"end":{"line":9,"column":58}}]},"4":{"loc":{"start":{"line":10,"column":36},"end":{"line":10,"column":82}},"type":"binary-expr","locations":[{"start":{"line":10,"column":36},"end":{"line":10,"column":56}},{"start":{"line":10,"column":56},"end":{"line":10,"column":82}}]},"5":{"loc":{"start":{"line":14,"column":14},"end":{"line":1,"column":null}},"type":"cond-expr","locations":[{"start":{"line":14,"column":50},"end":{"line":14,"column":109}},{"start":{"line":1,"column":0},"end":{"line":1,"column":null}}]},"6":{"loc":{"start":{"line":14,"column":14},"end":{"line":14,"column":58}},"type":"binary-expr","locations":[{"start":{"line":14,"column":14},"end":{"line":14,"column":34}},{"start":{"line":14,"column":34},"end":{"line":14,"column":58}}]},"7":{"loc":{"start":{"line":18,"column":15},"end":{"line":1,"column":null}},"type":"cond-expr","locations":[{"start":{"line":18,"column":31},"end":{"line":18,"column":82}},{"start":{"line":1,"column":0},"end":{"line":1,"column":null}}]}},"s":{"0":6,"1":6,"2":6,"3":0,"4":0,"5":0,"6":6,"7":5,"8":1,"9":1,"10":1,"11":1,"12":1,"13":1,"14":0},"f":{"0":0,"1":5,"2":0},"b":{"0":[6,6],"1":[6,0],"2":[5,1],"3":[6,5],"4":[6,5],"5":[5,1],"6":[6,5],"7":[5,1]}}
,"E:/important/advanced-vue-firebase/src/components/__tests__/MiniProductView.test.ts": {"path":"E:/important/advanced-vue-firebase/src/components/__tests__/MiniProductView.test.ts","statementMap":{"0":{"start":{"line":7,"column":0},"end":{"line":11,"column":null}},"1":{"start":{"line":7,"column":29},"end":{"line":11,"column":2}},"2":{"start":{"line":8,"column":26},"end":{"line":10,"column":4}},"3":{"start":{"line":13,"column":0},"end":{"line":85,"column":null}},"4":{"start":{"line":14,"column":17},"end":{"line":14,"column":null}},"5":{"start":{"line":16,"column":18},"end":{"line":24,"column":null}},"6":{"start":{"line":26,"column":2},"end":{"line":37,"column":null}},"7":{"start":{"line":27,"column":20},"end":{"line":29,"column":null}},"8":{"start":{"line":31,"column":4},"end":{"line":31,"column":null}},"9":{"start":{"line":32,"column":4},"end":{"line":32,"column":null}},"10":{"start":{"line":33,"column":4},"end":{"line":33,"column":null}},"11":{"start":{"line":34,"column":4},"end":{"line":34,"column":null}},"12":{"start":{"line":35,"column":4},"end":{"line":35,"column":null}},"13":{"start":{"line":36,"column":4},"end":{"line":36,"column":null}},"14":{"start":{"line":39,"column":2},"end":{"line":47,"column":null}},"15":{"start":{"line":40,"column":30},"end":{"line":40,"column":null}},"16":{"start":{"line":41,"column":20},"end":{"line":43,"column":null}},"17":{"start":{"line":45,"column":4},"end":{"line":45,"column":null}},"18":{"start":{"line":46,"column":4},"end":{"line":46,"column":null}},"19":{"start":{"line":49,"column":2},"end":{"line":55,"column":null}},"20":{"start":{"line":50,"column":20},"end":{"line":52,"column":null}},"21":{"start":{"line":54,"column":4},"end":{"line":54,"column":null}},"22":{"start":{"line":57,"column":2},"end":{"line":64,"column":null}},"23":{"start":{"line":58,"column":30},"end":{"line":58,"column":null}},"24":{"start":{"line":59,"column":20},"end":{"line":61,"column":null}},"25":{"start":{"line":63,"column":4},"end":{"line":63,"column":null}},"26":{"start":{"line":66,"column":2},"end":{"line":74,"column":null}},"27":{"start":{"line":67,"column":20},"end":{"line":69,"column":null}},"28":{"start":{"line":71,"column":16},"end":{"line":71,"column":null}},"29":{"start":{"line":72,"column":4},"end":{"line":72,"column":null}},"30":{"start":{"line":73,"column":4},"end":{"line":73,"column":null}},"31":{"start":{"line":76,"column":2},"end":{"line":84,"column":null}},"32":{"start":{"line":77,"column":20},"end":{"line":79,"column":null}},"33":{"start":{"line":81,"column":26},"end":{"line":81,"column":null}},"34":{"start":{"line":82,"column":4},"end":{"line":82,"column":null}},"35":{"start":{"line":83,"column":4},"end":{"line":83,"column":null}}},"fnMap":{"0":{"name":"(anonymous_0)","decl":{"start":{"line":7,"column":22},"end":{"line":7,"column":29}},"loc":{"start":{"line":7,"column":29},"end":{"line":11,"column":2}}},"1":{"name":"(anonymous_1)","decl":{"start":{"line":8,"column":19},"end":{"line":8,"column":26}},"loc":{"start":{"line":8,"column":26},"end":{"line":10,"column":4}}},"2":{"name":"(anonymous_2)","decl":{"start":{"line":13,"column":28},"end":{"line":13,"column":34}},"loc":{"start":{"line":13,"column":34},"end":{"line":85,"column":1}}},"3":{"name":"(anonymous_3)","decl":{"start":{"line":26,"column":42},"end":{"line":26,"column":48}},"loc":{"start":{"line":26,"column":48},"end":{"line":37,"column":3}}},"4":{"name":"(anonymous_4)","decl":{"start":{"line":39,"column":54},"end":{"line":39,"column":60}},"loc":{"start":{"line":39,"column":60},"end":{"line":47,"column":3}}},"5":{"name":"(anonymous_5)","decl":{"start":{"line":49,"column":56},"end":{"line":49,"column":62}},"loc":{"start":{"line":49,"column":62},"end":{"line":55,"column":3}}},"6":{"name":"(anonymous_6)","decl":{"start":{"line":57,"column":70},"end":{"line":57,"column":76}},"loc":{"start":{"line":57,"column":76},"end":{"line":64,"column":3}}},"7":{"name":"(anonymous_7)","decl":{"start":{"line":66,"column":40},"end":{"line":66,"column":46}},"loc":{"start":{"line":66,"column":46},"end":{"line":74,"column":3}}},"8":{"name":"(anonymous_8)","decl":{"start":{"line":76,"column":57},"end":{"line":76,"column":63}},"loc":{"start":{"line":76,"column":63},"end":{"line":84,"column":3}}}},"branchMap":{},"s":{"0":1,"1":1,"2":7,"3":1,"4":1,"5":1,"6":1,"7":1,"8":1,"9":1,"10":1,"11":1,"12":1,"13":1,"14":1,"15":1,"16":1,"17":1,"18":1,"19":1,"20":1,"21":1,"22":1,"23":1,"24":1,"25":1,"26":1,"27":1,"28":1,"29":1,"30":1,"31":1,"32":1,"33":1,"34":1,"35":1},"f":{"0":1,"1":7,"2":1,"3":1,"4":1,"5":1,"6":1,"7":1,"8":1},"b":{}}
}
